<?xml version="1.0" encoding="UTF-8"?>
<testsuite name="edu.odu.cs.AppTest" tests="1" skipped="0" failures="0" errors="0" timestamp="2022-07-24T21:45:26" hostname="DESKTOP-BR5U7C3" time="0.032">
  <properties/>
  <testcase name="appHasAGreeting()" classname="edu.odu.cs.AppTest" time="0.032"/>
  <system-out><![CDATA[]]></system-out>
  <system-err><![CDATA[]]></system-err>
</testsuite>
